<?xml version="1.0" encoding="UTF-8"?>
<!-- Generated by org.testng.reporters.JUnitReportReporter -->
<testsuite hostname="DESKTOP-4MMP2GL" failures="0" tests="1" name="Demo.Test2" time="0.002" errors="0" timestamp="2023-01-10T15:41:54 IST" skipped="0">
  <testcase classname="Demo.Test2" name="tc2" time="0.002"/>
  <system-out>
    <![CDATA[welcome]]>
  </system-out>
</testsuite> <!-- Demo.Test2 -->
