<?xml version="1.0" encoding="UTF-8"?>
<!-- Generated by org.testng.reporters.JUnitReportReporter -->
<testsuite hostname="DESKTOP-4MMP2GL" failures="0" tests="1" name="Demo.Test3" time="0.003" errors="0" timestamp="2023-01-10T15:41:54 IST" skipped="0">
  <testcase classname="Demo.Test3" name="Tc3" time="0.003"/>
  <system-out>
    <![CDATA[hiiiii]]>
  </system-out>
</testsuite> <!-- Demo.Test3 -->
