<?xml version="1.0" encoding="UTF-8"?>
<!-- Generated by org.testng.reporters.JUnitReportReporter -->
<testsuite hostname="DESKTOP-4MMP2GL" failures="0" tests="1" name="Demo.Test1" time="0.012" errors="0" timestamp="2023-01-10T15:41:54 IST" skipped="0">
  <testcase classname="Demo.Test1" name="tc1" time="0.012"/>
  <system-out>
    <![CDATA[hiii]]>
  </system-out>
</testsuite> <!-- Demo.Test1 -->
